<?xml version="1.0" encoding="UTF-8"?>
<testng-results skipped="0" failed="1" total="5" passed="4">
  <reporter-output>
  </reporter-output>
  <suite name="Suite" duration-ms="48560" started-at="2020-07-05T06:19:52Z" finished-at="2020-07-05T06:20:41Z">
    <groups>
    </groups>
    <test name="Test" duration-ms="48560" started-at="2020-07-05T06:19:52Z" finished-at="2020-07-05T06:20:41Z">
      <class name="org.ecom.ExecutableClass">
        <test-method status="PASS" signature="testcase1(java.lang.String)[pri:0, instance:org.ecom.ExecutableClass@7c16905e]" name="testcase1" duration-ms="20043" started-at="2020-07-05T02:19:52Z" finished-at="2020-07-05T02:20:12Z">
          <params>
            <param index="0">
              <value>
                <![CDATA[https://www.6pm.com/]]>
              </value>
            </param>
          </params>
          <reporter-output>
          </reporter-output>
        </test-method> <!-- testcase1 -->
        <test-method status="PASS" signature="testcase2()[pri:0, instance:org.ecom.ExecutableClass@7c16905e]" name="testcase2" duration-ms="6804" started-at="2020-07-05T02:20:12Z" finished-at="2020-07-05T02:20:19Z">
          <reporter-output>
          </reporter-output>
        </test-method> <!-- testcase2 -->
        <test-method status="PASS" signature="testcase3(java.lang.String, java.lang.String)[pri:0, instance:org.ecom.ExecutableClass@7c16905e]" name="testcase3" duration-ms="9016" started-at="2020-07-05T02:20:19Z" finished-at="2020-07-05T02:20:28Z">
          <params>
            <param index="0">
              <value>
                <![CDATA[jananielumalai89@gmail.com]]>
              </value>
            </param>
            <param index="1">
              <value>
                <![CDATA[jani@8818]]>
              </value>
            </param>
          </params>
          <reporter-output>
          </reporter-output>
        </test-method> <!-- testcase3 -->
        <test-method status="PASS" signature="testcase4(java.lang.String)[pri:0, instance:org.ecom.ExecutableClass@7c16905e]" name="testcase4" duration-ms="6616" started-at="2020-07-05T02:20:28Z" finished-at="2020-07-05T02:20:35Z">
          <params>
            <param index="0">
              <value>
                <![CDATA[fashion watches]]>
              </value>
            </param>
          </params>
          <reporter-output>
          </reporter-output>
        </test-method> <!-- testcase4 -->
        <test-method status="FAIL" signature="testcase5()[pri:0, instance:org.ecom.ExecutableClass@7c16905e]" name="testcase5" duration-ms="3658" started-at="2020-07-05T02:20:35Z" finished-at="2020-07-05T02:20:38Z">
          <exception class="java.lang.AssertionError">
            <message>
              <![CDATA[expected [true] but found [false]]]>
            </message>
            <full-stacktrace>
              <![CDATA[java.lang.AssertionError: expected [true] but found [false]
	at org.testng.Assert.fail(Assert.java:94)
	at org.testng.Assert.failNotEquals(Assert.java:496)
	at org.testng.Assert.assertTrue(Assert.java:42)
	at org.testng.Assert.assertTrue(Assert.java:52)
	at org.ecom.ExecutableClass.testcase5(ExecutableClass.java:38)
	at sun.reflect.NativeMethodAccessorImpl.invoke0(Native Method)
	at sun.reflect.NativeMethodAccessorImpl.invoke(Unknown Source)
	at sun.reflect.DelegatingMethodAccessorImpl.invoke(Unknown Source)
	at java.lang.reflect.Method.invoke(Unknown Source)
	at org.testng.internal.MethodInvocationHelper.invokeMethod(MethodInvocationHelper.java:85)
	at org.testng.internal.Invoker.invokeMethod(Invoker.java:639)
	at org.testng.internal.Invoker.invokeTestMethod(Invoker.java:816)
	at org.testng.internal.Invoker.invokeTestMethods(Invoker.java:1124)
	at org.testng.internal.TestMethodWorker.invokeTestMethods(TestMethodWorker.java:125)
	at org.testng.internal.TestMethodWorker.run(TestMethodWorker.java:108)
	at org.testng.TestRunner.privateRun(TestRunner.java:774)
	at org.testng.TestRunner.run(TestRunner.java:624)
	at org.testng.SuiteRunner.runTest(SuiteRunner.java:359)
	at org.testng.SuiteRunner.runSequentially(SuiteRunner.java:354)
	at org.testng.SuiteRunner.privateRun(SuiteRunner.java:312)
	at org.testng.SuiteRunner.run(SuiteRunner.java:261)
	at org.testng.SuiteRunnerWorker.runSuite(SuiteRunnerWorker.java:52)
	at org.testng.SuiteRunnerWorker.run(SuiteRunnerWorker.java:86)
	at org.testng.TestNG.runSuitesSequentially(TestNG.java:1191)
	at org.testng.TestNG.runSuitesLocally(TestNG.java:1116)
	at org.testng.TestNG.run(TestNG.java:1024)
	at org.testng.remote.AbstractRemoteTestNG.run(AbstractRemoteTestNG.java:132)
	at org.testng.remote.RemoteTestNG.initAndRun(RemoteTestNG.java:230)
	at org.testng.remote.RemoteTestNG.main(RemoteTestNG.java:76)
]]>
            </full-stacktrace>
          </exception> <!-- java.lang.AssertionError -->
          <reporter-output>
          </reporter-output>
        </test-method> <!-- testcase5 -->
      </class> <!-- org.ecom.ExecutableClass -->
    </test> <!-- Test -->
  </suite> <!-- Suite -->
</testng-results>
